<?xml version="1.0" encoding="UTF-8"?>
<beans xmlns="http://www.springframework.org/schema/beans"
       xmlns:xsi="http://www.w3.org/2001/XMLSchema-instance"
       xmlns:jdbc="http://www.springframework.org/schema/jdbc"
       xmlns:context="http://www.springframework.org/schema/context"
       xsi:schemaLocation="http://www.springframework.org/schema/beans
                     http://www.springframework.org/schema/beans/spring-beans.xsd
                     http://www.springframework.org/schema/jdbc
                     http://www.springframework.org/schema/jdbc/spring-jdbc-3.2.xsd http://www.springframework.org/schema/context http://www.springframework.org/schema/context/spring-context.xsd">

    <!-- configuration setup -->

    <context:property-placeholder location="org/example/test-dbconfig.properties"/>

    <jdbc:embedded-database id="dataSource" type="DERBY"/>
    <jdbc:initialize-database data-source="dataSource" ignore-failures="DROPS">
        <jdbc:script location="${dbconfig.schema}"/>
        <jdbc:script location="${dbconfig.testdata}"/>
    </jdbc:initialize-database>
</beans>