<?xml version="1.0" encoding="UTF-8"?>
<beans xmlns="http://www.springframework.org/schema/beans"
       xmlns:xsi="http://www.w3.org/2001/XMLSchema-instance"
       xmlns:context="http://www.springframework.org/schema/context"
       xsi:schemaLocation="http://www.springframework.org/schema/beans http://www.springframework.org/schema/beans/spring-beans.xsd http://www.springframework.org/schema/context http://www.springframework.org/schema/context/spring-context.xsd">

    <context:annotation-config/>

    <context:property-placeholder location="org/example/Booking.properties"/>

    <bean id="micha" class="org.example.domain.Person" autowire-candidate="false">
        <constructor-arg index="0" value="micha"/>
        <constructor-arg index="1" value="28"/>
    </bean>

    <bean id="kacper" class="org.example.domain.Person">
        <constructor-arg index="0" value="kacper"/>
        <constructor-arg index="1" value="31"/>
    </bean>

    <bean id="room" class="org.example.domain.Room">
        <constructor-arg index="0" value="101"/>
    </bean>

    <bean id="myRoom202" class="org.example.domain.Room">
        <constructor-arg index="0" value="202"/>
    </bean>

    <!-- field injection -->
    <bean id="booking" class="org.example.domain.injection.field.Booking"/>
</beans>