<?xml version="1.0" encoding="UTF-8"?>
<beans xmlns="http://www.springframework.org/schema/beans"
       xmlns:xsi="http://www.w3.org/2001/XMLSchema-instance"
       xmlns:context="http://www.springframework.org/schema/context"
       xsi:schemaLocation="http://www.springframework.org/schema/beans http://www.springframework.org/schema/beans/spring-beans.xsd http://www.springframework.org/schema/context http://www.springframework.org/schema/context/spring-context.xsd">

    <context:annotation-config/>

    <!-- obvious dependencies -->
    <bean id="micha" class="org.example.domain.Person">
        <constructor-arg index="0" value="micha"/>
        <constructor-arg index="1" value="28"/>
    </bean>

    <bean id="myRoom202" class="org.example.domain.Room">
        <constructor-arg index="0" value="202"/>
    </bean>

    <!-- ambiguous dependencies -->
    <bean id="utilDateStub" class="org.example.domain.impl.UtilDateStub"/>
    <bean id="jodaTimeStub" class="org.example.domain.impl.JodaTimeStub"/>
    <bean id="utilDateImpl" class="org.example.domain.impl.UtilDateImpl"/>
    <bean id="jodaTimeImpl" class="org.example.domain.impl.JodaTimeImpl">
        <qualifier value="test"/>
    </bean>


    <!-- ctor injection -->
    <bean id="booking" class="org.example.domain.wiring.case2nd.Booking"/>
</beans>