<?xml version="1.0" encoding="UTF-8"?>
<beans xmlns="http://www.springframework.org/schema/beans"
       xmlns:xsi="http://www.w3.org/2001/XMLSchema-instance"
       xmlns:jdbc="http://www.springframework.org/schema/jdbc"
       xsi:schemaLocation="
                     http://www.springframework.org/schema/beans
                     http://www.springframework.org/schema/beans/spring-beans.xsd
                     http://www.springframework.org/schema/aop
                     http://www.springframework.org/schema/aop/spring-aop.xsd
                     http://www.springframework.org/schema/jdbc
                     http://www.springframework.org/schema/jdbc/spring-jdbc-3.2.xsd">

    <jdbc:embedded-database id="dataSource" type="DERBY"/>

    <jdbc:initialize-database data-source="dataSource" ignore-failures="DROPS">
        <jdbc:script location="classpath:org/example/database/test-schema.sql"/>
        <jdbc:script location="classpath:org/example/database/test-data1.sql"/>
    </jdbc:initialize-database>

    <bean class="org.example.person.impl.JdbcPersonRepositoryImpl" id="personRepository">
        <constructor-arg index="0" ref="dataSource"/>
    </bean>

    <bean class="org.example.room.impl.HashMapRoomRepositoryImpl" id="roomRepository"/>

    <bean class="org.example.booking.impl.BookingServiceImpl" id="bookingService">
        <constructor-arg index="0" ref="personRepository"/>
        <constructor-arg index="1" ref="roomRepository"/>
    </bean>

</beans>