<?xml version="1.0" encoding="UTF-8"?>
<beans xmlns="http://www.springframework.org/schema/beans"
       xmlns:xsi="http://www.w3.org/2001/XMLSchema-instance"
       xsi:schemaLocation="http://www.springframework.org/schema/beans http://www.springframework.org/schema/beans/spring-beans.xsd">

    <bean id="micha" class="org.example.domain.Person">
        <constructor-arg index="0" value="micha"/>
        <constructor-arg index="1" value="28"/>
    </bean>

    <bean id="person" class="org.example.domain.Person">
        <constructor-arg index="0" value="kacper"/>
        <constructor-arg index="1" value="31"/>
    </bean>

    <bean id="myRoom101" class="org.example.domain.Room" primary="true">
        <constructor-arg index="0" value="101"/>
    </bean>

    <bean id="myRoom202" class="org.example.domain.Room">
        <constructor-arg index="0" value="202"/>
    </bean>

    <!-- injection constructor -->
    <bean id="byConstructorDefault" class="org.example.domain.Booking" autowire="constructor"/>

    <!-- injection constructor, override with beans -->
    <bean id="byConstructorOverrideWithBeans" class="org.example.domain.Booking" autowire="constructor">
        <constructor-arg index="0" ref="myRoom202"/>
        <property name="person" ref="micha"/>
    </bean>

    <!-- injection constructor override with null -->
    <bean id="byConstructorOverrideWithNull" class="org.example.domain.Booking" autowire="constructor">
        <constructor-arg index="0"><null/></constructor-arg>
        <constructor-arg index="1"><null/></constructor-arg>
    </bean>
</beans>
